<?xml version="1.0" encoding="UTF-8"?>
<testsuite name="Other Test"
           tests="3"
           failures="0"
           errors="0"
           skipped="0"
           time="0.033">
  <properties />
  
  
            <testcase name="hardAssertTest" time="0.007" classname="Phase2.Selenium_TestNG.AssertionTest" />
                <testcase name="softAssertTest" time="0.021" classname="Phase2.Selenium_TestNG.AssertionTest" />
                <testcase name="testAsserts" time="0.005" classname="Phase2.Selenium_TestNG.AssertionTest" />
      
</testsuite>
