<?xml version="1.0" encoding="UTF-8"?>
<!-- Generated by org.testng.reporters.JUnitXMLReporter -->
<testsuite ignored="1" hostname="Hariharan" failures="0" tests="5" name="Attribute Test" time="0.601" errors="0" timestamp="2023-12-16T11:25:28 IST">
  <testcase classname="Phase2.Selenium_TestNG.AttributeTest" name="r1" time="0.003"/>
  <testcase classname="Phase2.Selenium_TestNG.AttributeTest" name="r2" time="0.528"/>
  <testcase classname="Phase2.Selenium_TestNG.AttributeTest" name="r3" time="0.002"/>
  <testcase classname="Phase2.Selenium_TestNG.AttributeTest" name="testOne" time="0.003"/>
  <testcase classname="Phase2.Selenium_TestNG.AttributeTest" name="testTwo" time="0.003"/>
  <testcase classname="Phase2.Selenium_TestNG.AttributeTest" name="testThree" time="0.0">
    <ignored/>
  </testcase> <!-- testThree -->
</testsuite> <!-- Attribute Test -->
