<?xml version="1.0" encoding="UTF-8"?>
<!-- Generated by org.testng.reporters.JUnitXMLReporter -->
<testsuite ignored="1" hostname="Hariharan" failures="0" tests="5" name="Other Test" time="0.092" errors="0" timestamp="2023-12-16T11:25:28 IST">
  <testcase classname="Phase2.Selenium_TestNG.AssertionTest" name="hardAssertTest" time="0.005"/>
  <testcase classname="Phase2.Selenium_TestNG.AssertionTest" name="softAssertTest" time="0.017"/>
  <testcase classname="Phase2.Selenium_TestNG.AssertionTest" name="testAsserts" time="0.002"/>
  <testcase classname="Phase2.Selenium_TestNG.Standard_Annotations" name="testOne" time="0.003"/>
  <testcase classname="Phase2.Selenium_TestNG.Standard_Annotations" name="testTwo" time="0.009"/>
  <testcase classname="Phase2.Selenium_TestNG.Standard_Annotations" name="testThree" time="0.0">
    <ignored/>
  </testcase> <!-- testThree -->
</testsuite> <!-- Other Test -->
